<?xml version="1.0" encoding="UTF-8"?>
<!-- Generated by org.testng.reporters.JUnitXMLReporter -->
<testsuite ignored="0" hostname="DESKTOP-G6DMJKE" failures="0" tests="12" name="Default test" time="30.984" errors="0" timestamp="2023-08-03T15:31:59 IST">
  <testcase classname="Api.Testcases.TestUsersDD2" name="postusers" time="7.74"/>
  <testcase classname="Api.Testcases.TestUsersDD2" name="postusers" time="1.368"/>
  <testcase classname="Api.Testcases.TestUsersDD2" name="postusers" time="1.336"/>
  <testcase classname="Api.Testcases.TestUsersDD2" name="Getusers" time="1.32"/>
  <testcase classname="Api.Testcases.TestUsersDD2" name="Getusers" time="1.37"/>
  <testcase classname="Api.Testcases.TestUsersDD2" name="Getusers" time="1.26"/>
  <testcase classname="Api.Testcases.TestUsersDD2" name="Putusers" time="2.423"/>
  <testcase classname="Api.Testcases.TestUsersDD2" name="Putusers" time="2.88"/>
  <testcase classname="Api.Testcases.TestUsersDD2" name="Putusers" time="2.453"/>
  <testcase classname="Api.Testcases.TestUsersDD2" name="Deleteusers" time="1.189"/>
  <testcase classname="Api.Testcases.TestUsersDD2" name="Deleteusers" time="1.227"/>
  <testcase classname="Api.Testcases.TestUsersDD2" name="Deleteusers" time="1.205"/>
</testsuite> <!-- Default test -->
