<?xml version="1.0" encoding="UTF-8"?>
<!-- Generated by org.testng.reporters.JUnitXMLReporter -->
<testsuite ignored="0" hostname="DESKTOP-G6DMJKE" failures="0" tests="12" name="Test" time="30.919" errors="0" timestamp="2023-08-02T18:27:57 IST">
  <testcase classname="Api.Testcases.TestUsersDD" name="postusers" time="7.649"/>
  <testcase classname="Api.Testcases.TestUsersDD" name="postusers" time="1.386"/>
  <testcase classname="Api.Testcases.TestUsersDD" name="postusers" time="1.268"/>
  <testcase classname="Api.Testcases.TestUsersDD" name="Getusers" time="1.424"/>
  <testcase classname="Api.Testcases.TestUsersDD" name="Getusers" time="1.283"/>
  <testcase classname="Api.Testcases.TestUsersDD" name="Getusers" time="1.307"/>
  <testcase classname="Api.Testcases.TestUsersDD" name="Putusers" time="2.47"/>
  <testcase classname="Api.Testcases.TestUsersDD" name="Putusers" time="2.475"/>
  <testcase classname="Api.Testcases.TestUsersDD" name="Putusers" time="2.69"/>
  <testcase classname="Api.Testcases.TestUsersDD" name="Deleteusers" time="1.167"/>
  <testcase classname="Api.Testcases.TestUsersDD" name="Deleteusers" time="1.197"/>
  <testcase classname="Api.Testcases.TestUsersDD" name="Deleteusers" time="1.302"/>
</testsuite> <!-- Test -->
