<?xml version="1.0" encoding="UTF-8"?>
<!-- Generated by org.testng.reporters.JUnitXMLReporter -->
<testsuite ignored="0" hostname="DESKTOP-G6DMJKE" failures="0" tests="12" name="Test" time="32.145" errors="0" timestamp="2023-08-03T16:48:21 IST">
  <testcase classname="Api.Testcases.TestUsersDD" name="postusers" time="8.782"/>
  <testcase classname="Api.Testcases.TestUsersDD" name="postusers" time="1.256"/>
  <testcase classname="Api.Testcases.TestUsersDD" name="postusers" time="1.321"/>
  <testcase classname="Api.Testcases.TestUsersDD" name="Getusers" time="1.399"/>
  <testcase classname="Api.Testcases.TestUsersDD" name="Getusers" time="1.242"/>
  <testcase classname="Api.Testcases.TestUsersDD" name="Getusers" time="1.209"/>
  <testcase classname="Api.Testcases.TestUsersDD" name="Putusers" time="2.484"/>
  <testcase classname="Api.Testcases.TestUsersDD" name="Putusers" time="2.42"/>
  <testcase classname="Api.Testcases.TestUsersDD" name="Putusers" time="2.465"/>
  <testcase classname="Api.Testcases.TestUsersDD" name="Deleteusers" time="1.214"/>
  <testcase classname="Api.Testcases.TestUsersDD" name="Deleteusers" time="1.194"/>
  <testcase classname="Api.Testcases.TestUsersDD" name="Deleteusers" time="1.193"/>
</testsuite> <!-- Test -->
