<?xml version="1.0" encoding="UTF-8"?>
<testng-results ignored="0" total="12" passed="12" failed="0" skipped="0">
  <reporter-output>
  </reporter-output>
  <suite started-at="2023-08-03T16:47:47 IST" name="Suite" finished-at="2023-08-03T16:48:20 IST" duration-ms="32145">
    <groups>
    </groups>
    <test started-at="2023-08-03T16:47:47 IST" name="Test" finished-at="2023-08-03T16:48:20 IST" duration-ms="32145">
      <class name="Api.Testcases.TestUsersDD">
        <test-method signature="postusers([Ljava.lang.String;)[pri:1, instance:Api.Testcases.TestUsersDD@47d90b9e]" started-at="2023-08-03T16:47:53 IST" name="postusers" data-provider="data" finished-at="2023-08-03T16:48:01 IST" duration-ms="8782" status="PASS">
          <params>
            <param index="0">
              <value>
                <![CDATA[[Ljava.lang.String;@3ea48c37]]>
              </value>
            </param>
          </params>
          <reporter-output>
          </reporter-output>
        </test-method> <!-- postusers -->
        <test-method signature="postusers([Ljava.lang.String;)[pri:1, instance:Api.Testcases.TestUsersDD@47d90b9e]" started-at="2023-08-03T16:48:01 IST" name="postusers" data-provider="data" finished-at="2023-08-03T16:48:03 IST" duration-ms="1256" status="PASS">
          <params>
            <param index="0">
              <value>
                <![CDATA[[Ljava.lang.String;@11e834ad]]>
              </value>
            </param>
          </params>
          <reporter-output>
          </reporter-output>
        </test-method> <!-- postusers -->
        <test-method signature="postusers([Ljava.lang.String;)[pri:1, instance:Api.Testcases.TestUsersDD@47d90b9e]" started-at="2023-08-03T16:48:03 IST" name="postusers" data-provider="data" finished-at="2023-08-03T16:48:04 IST" duration-ms="1321" status="PASS">
          <params>
            <param index="0">
              <value>
                <![CDATA[[Ljava.lang.String;@710ae6a7]]>
              </value>
            </param>
          </params>
          <reporter-output>
          </reporter-output>
        </test-method> <!-- postusers -->
        <test-method signature="Getusers(java.lang.String)[pri:2, instance:Api.Testcases.TestUsersDD@47d90b9e]" started-at="2023-08-03T16:48:04 IST" name="Getusers" data-provider="username" finished-at="2023-08-03T16:48:06 IST" duration-ms="1399" status="PASS">
          <params>
            <param index="0">
              <value>
                <![CDATA[Triotend1]]>
              </value>
            </param>
          </params>
          <reporter-output>
          </reporter-output>
        </test-method> <!-- Getusers -->
        <test-method signature="Getusers(java.lang.String)[pri:2, instance:Api.Testcases.TestUsersDD@47d90b9e]" started-at="2023-08-03T16:48:06 IST" name="Getusers" data-provider="username" finished-at="2023-08-03T16:48:07 IST" duration-ms="1242" status="PASS">
          <params>
            <param index="0">
              <value>
                <![CDATA[Triotend2]]>
              </value>
            </param>
          </params>
          <reporter-output>
          </reporter-output>
        </test-method> <!-- Getusers -->
        <test-method signature="Getusers(java.lang.String)[pri:2, instance:Api.Testcases.TestUsersDD@47d90b9e]" started-at="2023-08-03T16:48:07 IST" name="Getusers" data-provider="username" finished-at="2023-08-03T16:48:08 IST" duration-ms="1209" status="PASS">
          <params>
            <param index="0">
              <value>
                <![CDATA[Triotend3]]>
              </value>
            </param>
          </params>
          <reporter-output>
          </reporter-output>
        </test-method> <!-- Getusers -->
        <test-method signature="Putusers(java.lang.String)[pri:3, instance:Api.Testcases.TestUsersDD@47d90b9e]" started-at="2023-08-03T16:48:08 IST" name="Putusers" data-provider="username" finished-at="2023-08-03T16:48:11 IST" duration-ms="2484" status="PASS">
          <params>
            <param index="0">
              <value>
                <![CDATA[Triotend1]]>
              </value>
            </param>
          </params>
          <reporter-output>
          </reporter-output>
        </test-method> <!-- Putusers -->
        <test-method signature="Putusers(java.lang.String)[pri:3, instance:Api.Testcases.TestUsersDD@47d90b9e]" started-at="2023-08-03T16:48:11 IST" name="Putusers" data-provider="username" finished-at="2023-08-03T16:48:13 IST" duration-ms="2420" status="PASS">
          <params>
            <param index="0">
              <value>
                <![CDATA[Triotend2]]>
              </value>
            </param>
          </params>
          <reporter-output>
          </reporter-output>
        </test-method> <!-- Putusers -->
        <test-method signature="Putusers(java.lang.String)[pri:3, instance:Api.Testcases.TestUsersDD@47d90b9e]" started-at="2023-08-03T16:48:13 IST" name="Putusers" data-provider="username" finished-at="2023-08-03T16:48:16 IST" duration-ms="2465" status="PASS">
          <params>
            <param index="0">
              <value>
                <![CDATA[Triotend3]]>
              </value>
            </param>
          </params>
          <reporter-output>
          </reporter-output>
        </test-method> <!-- Putusers -->
        <test-method signature="Deleteusers(java.lang.String)[pri:4, instance:Api.Testcases.TestUsersDD@47d90b9e]" started-at="2023-08-03T16:48:16 IST" name="Deleteusers" data-provider="username" finished-at="2023-08-03T16:48:17 IST" duration-ms="1214" status="PASS">
          <params>
            <param index="0">
              <value>
                <![CDATA[Triotend1]]>
              </value>
            </param>
          </params>
          <reporter-output>
          </reporter-output>
        </test-method> <!-- Deleteusers -->
        <test-method signature="Deleteusers(java.lang.String)[pri:4, instance:Api.Testcases.TestUsersDD@47d90b9e]" started-at="2023-08-03T16:48:17 IST" name="Deleteusers" data-provider="username" finished-at="2023-08-03T16:48:18 IST" duration-ms="1194" status="PASS">
          <params>
            <param index="0">
              <value>
                <![CDATA[Triotend2]]>
              </value>
            </param>
          </params>
          <reporter-output>
          </reporter-output>
        </test-method> <!-- Deleteusers -->
        <test-method signature="Deleteusers(java.lang.String)[pri:4, instance:Api.Testcases.TestUsersDD@47d90b9e]" started-at="2023-08-03T16:48:18 IST" name="Deleteusers" data-provider="username" finished-at="2023-08-03T16:48:20 IST" duration-ms="1193" status="PASS">
          <params>
            <param index="0">
              <value>
                <![CDATA[Triotend3]]>
              </value>
            </param>
          </params>
          <reporter-output>
          </reporter-output>
        </test-method> <!-- Deleteusers -->
      </class> <!-- Api.Testcases.TestUsersDD -->
    </test> <!-- Test -->
  </suite> <!-- Suite -->
</testng-results>
