<?xml version="1.0" encoding="UTF-8"?>
<testng-results ignored="0" total="12" passed="12" failed="0" skipped="0">
  <reporter-output>
  </reporter-output>
  <suite started-at="2023-08-03T15:31:28 IST" name="Default suite" finished-at="2023-08-03T15:31:59 IST" duration-ms="30984">
    <groups>
    </groups>
    <test started-at="2023-08-03T15:31:28 IST" name="Default test" finished-at="2023-08-03T15:31:59 IST" duration-ms="30984">
      <class name="Api.Testcases.TestUsersDD2">
        <test-method signature="postusers([Ljava.lang.String;)[pri:1, instance:Api.Testcases.TestUsersDD2@4310d43]" started-at="2023-08-03T15:31:32 IST" name="postusers" data-provider="data" finished-at="2023-08-03T15:31:40 IST" duration-ms="7740" status="PASS">
          <params>
            <param index="0">
              <value>
                <![CDATA[[Ljava.lang.String;@47f2c722]]>
              </value>
            </param>
          </params>
          <reporter-output>
          </reporter-output>
        </test-method> <!-- postusers -->
        <test-method signature="postusers([Ljava.lang.String;)[pri:1, instance:Api.Testcases.TestUsersDD2@4310d43]" started-at="2023-08-03T15:31:40 IST" name="postusers" data-provider="data" finished-at="2023-08-03T15:31:42 IST" duration-ms="1368" status="PASS">
          <params>
            <param index="0">
              <value>
                <![CDATA[[Ljava.lang.String;@6598caab]]>
              </value>
            </param>
          </params>
          <reporter-output>
          </reporter-output>
        </test-method> <!-- postusers -->
        <test-method signature="postusers([Ljava.lang.String;)[pri:1, instance:Api.Testcases.TestUsersDD2@4310d43]" started-at="2023-08-03T15:31:42 IST" name="postusers" data-provider="data" finished-at="2023-08-03T15:31:43 IST" duration-ms="1336" status="PASS">
          <params>
            <param index="0">
              <value>
                <![CDATA[[Ljava.lang.String;@52ca0ad4]]>
              </value>
            </param>
          </params>
          <reporter-output>
          </reporter-output>
        </test-method> <!-- postusers -->
        <test-method signature="Getusers(java.lang.String)[pri:2, instance:Api.Testcases.TestUsersDD2@4310d43]" started-at="2023-08-03T15:31:43 IST" name="Getusers" data-provider="username" finished-at="2023-08-03T15:31:45 IST" duration-ms="1320" status="PASS">
          <params>
            <param index="0">
              <value>
                <![CDATA[Triotend1]]>
              </value>
            </param>
          </params>
          <reporter-output>
          </reporter-output>
        </test-method> <!-- Getusers -->
        <test-method signature="Getusers(java.lang.String)[pri:2, instance:Api.Testcases.TestUsersDD2@4310d43]" started-at="2023-08-03T15:31:45 IST" name="Getusers" data-provider="username" finished-at="2023-08-03T15:31:46 IST" duration-ms="1370" status="PASS">
          <params>
            <param index="0">
              <value>
                <![CDATA[Triotend2]]>
              </value>
            </param>
          </params>
          <reporter-output>
          </reporter-output>
        </test-method> <!-- Getusers -->
        <test-method signature="Getusers(java.lang.String)[pri:2, instance:Api.Testcases.TestUsersDD2@4310d43]" started-at="2023-08-03T15:31:46 IST" name="Getusers" data-provider="username" finished-at="2023-08-03T15:31:47 IST" duration-ms="1260" status="PASS">
          <params>
            <param index="0">
              <value>
                <![CDATA[Triotend3]]>
              </value>
            </param>
          </params>
          <reporter-output>
          </reporter-output>
        </test-method> <!-- Getusers -->
        <test-method signature="Putusers(java.lang.String)[pri:3, instance:Api.Testcases.TestUsersDD2@4310d43]" started-at="2023-08-03T15:31:48 IST" name="Putusers" data-provider="username" finished-at="2023-08-03T15:31:50 IST" duration-ms="2423" status="PASS">
          <params>
            <param index="0">
              <value>
                <![CDATA[Triotend1]]>
              </value>
            </param>
          </params>
          <reporter-output>
          </reporter-output>
        </test-method> <!-- Putusers -->
        <test-method signature="Putusers(java.lang.String)[pri:3, instance:Api.Testcases.TestUsersDD2@4310d43]" started-at="2023-08-03T15:31:50 IST" name="Putusers" data-provider="username" finished-at="2023-08-03T15:31:53 IST" duration-ms="2880" status="PASS">
          <params>
            <param index="0">
              <value>
                <![CDATA[Triotend2]]>
              </value>
            </param>
          </params>
          <reporter-output>
          </reporter-output>
        </test-method> <!-- Putusers -->
        <test-method signature="Putusers(java.lang.String)[pri:3, instance:Api.Testcases.TestUsersDD2@4310d43]" started-at="2023-08-03T15:31:53 IST" name="Putusers" data-provider="username" finished-at="2023-08-03T15:31:55 IST" duration-ms="2453" status="PASS">
          <params>
            <param index="0">
              <value>
                <![CDATA[Triotend3]]>
              </value>
            </param>
          </params>
          <reporter-output>
          </reporter-output>
        </test-method> <!-- Putusers -->
        <test-method signature="Deleteusers(java.lang.String)[pri:4, instance:Api.Testcases.TestUsersDD2@4310d43]" started-at="2023-08-03T15:31:56 IST" name="Deleteusers" data-provider="username" finished-at="2023-08-03T15:31:57 IST" duration-ms="1189" status="PASS">
          <params>
            <param index="0">
              <value>
                <![CDATA[Triotend1]]>
              </value>
            </param>
          </params>
          <reporter-output>
          </reporter-output>
        </test-method> <!-- Deleteusers -->
        <test-method signature="Deleteusers(java.lang.String)[pri:4, instance:Api.Testcases.TestUsersDD2@4310d43]" started-at="2023-08-03T15:31:57 IST" name="Deleteusers" data-provider="username" finished-at="2023-08-03T15:31:58 IST" duration-ms="1227" status="PASS">
          <params>
            <param index="0">
              <value>
                <![CDATA[Triotend2]]>
              </value>
            </param>
          </params>
          <reporter-output>
          </reporter-output>
        </test-method> <!-- Deleteusers -->
        <test-method signature="Deleteusers(java.lang.String)[pri:4, instance:Api.Testcases.TestUsersDD2@4310d43]" started-at="2023-08-03T15:31:58 IST" name="Deleteusers" data-provider="username" finished-at="2023-08-03T15:31:59 IST" duration-ms="1205" status="PASS">
          <params>
            <param index="0">
              <value>
                <![CDATA[Triotend3]]>
              </value>
            </param>
          </params>
          <reporter-output>
          </reporter-output>
        </test-method> <!-- Deleteusers -->
      </class> <!-- Api.Testcases.TestUsersDD2 -->
    </test> <!-- Default test -->
  </suite> <!-- Default suite -->
</testng-results>
